[debug] [2021-06-25T09:39:51.353Z] ----------------------------------------------------------------------
[debug] [2021-06-25T09:39:51.397Z] Command:       C:\Program Files\nodejs\node.exe C:\Users\Lake Combs\AppData\Roaming\npm\node_modules\firebase-tools\lib\bin\firebase.js init
[debug] [2021-06-25T09:39:51.399Z] CLI Version:   9.13.1
[debug] [2021-06-25T09:39:51.399Z] Platform:      win32
[debug] [2021-06-25T09:39:51.400Z] Node Version:  v14.16.1
[debug] [2021-06-25T09:39:51.521Z] Time:          Fri Jun 25 2021 10:39:51 GMT+0100 (West Africa Standard Time)
[debug] [2021-06-25T09:39:51.522Z] ----------------------------------------------------------------------
[debug] 
[debug] [2021-06-25T09:39:51.573Z] >>> [apiv2][query] GET https://firebase-public.firebaseio.com/cli.json [none]
[debug] [2021-06-25T09:39:51.855Z] > command requires scopes: ["email","openid","https://www.googleapis.com/auth/cloudplatformprojects.readonly","https://www.googleapis.com/auth/firebase","https://www.googleapis.com/auth/cloud-platform"]
[debug] [2021-06-25T09:39:51.856Z] > authorizing via signed-in user (lakecombs26@gmail.com)
[info] 
     ######## #### ########  ######## ########     ###     ######  ########
     ##        ##  ##     ## ##       ##     ##  ##   ##  ##       ##
     ######    ##  ########  ######   ########  #########  ######  ######
     ##        ##  ##    ##  ##       ##     ## ##     ##       ## ##
     ##       #### ##     ## ######## ########  ##     ##  ######  ########

You're about to initialize a Firebase project in this directory:

  C:\Users\Lake Combs\Desktop\Amazon

Before we get started, keep in mind:

  * You are initializing within an existing Firebase project directory

[debug] [2021-06-25T09:39:58.445Z] <<< [apiv2][status] GET https://firebase-public.firebaseio.com/cli.json 200
[debug] [2021-06-25T09:39:58.447Z] <<< [apiv2][body] GET https://firebase-public.firebaseio.com/cli.json {"cloudBuildErrorAfter":1594252800000,"cloudBuildWarnAfter":1590019200000,"defaultNode10After":1594252800000,"minVersion":"3.0.5","node8DeploysDisabledAfter":1613390400000,"node8RuntimeDisabledAfter":1615809600000,"node8WarnAfter":1600128000000}
[info] 
=== Project Setup
[info] 
[info] First, let's associate this project directory with a Firebase project.
[info] You can create multiple project aliases by running firebase use --add, 
[info] but for now we'll just set up a default project.
[info] 
[info] i  .firebaserc already has a default project, using lakedemoproject. 
[debug] [2021-06-25T09:43:54.020Z] > refreshing access token with scopes: []
[debug] [2021-06-25T09:43:54.022Z] >>> HTTP REQUEST POST https://www.googleapis.com/oauth2/v3/token  
 <request body omitted>
[debug] [2021-06-25T09:44:05.106Z] <<< HTTP RESPONSE 200 {"date":"Fri, 25 Jun 2021 09:44:05 GMT","cache-control":"no-cache, no-store, max-age=0, must-revalidate","expires":"Mon, 01 Jan 1990 00:00:00 GMT","pragma":"no-cache","content-type":"application/json; charset=utf-8","vary":"X-Origin, Referer, Origin,Accept-Encoding","server":"scaffolding on HTTPServer2","x-xss-protection":"0","x-frame-options":"SAMEORIGIN","x-content-type-options":"nosniff","alt-svc":"h3=\":443\"; ma=2592000,h3-29=\":443\"; ma=2592000,h3-T051=\":443\"; ma=2592000,h3-Q050=\":443\"; ma=2592000,h3-Q046=\":443\"; ma=2592000,h3-Q043=\":443\"; ma=2592000,quic=\":443\"; ma=2592000; v=\"46,43\"","accept-ranges":"none","transfer-encoding":"chunked"}
[debug] [2021-06-25T09:44:05.294Z] >>> [apiv2][query] GET https://firebase.googleapis.com/v1beta1/projects/lakedemoproject [none]
[debug] [2021-06-25T09:44:17.330Z] Failed to make request to https://firebase.googleapis.com/v1beta1/projects/lakedemoproject
[debug] [2021-06-25T09:44:29.408Z] FirebaseError: Failed to make request to https://firebase.googleapis.com/v1beta1/projects/lakedemoproject
    at Client.doRequest (C:\Users\Lake Combs\AppData\Roaming\npm\node_modules\firebase-tools\lib\apiv2.js:211:19)
    at processTicksAndRejections (internal/process/task_queues.js:93:5)
    at async Client.request (C:\Users\Lake Combs\AppData\Roaming\npm\node_modules\firebase-tools\lib\apiv2.js:96:20)
    at async Object.getFirebaseProject (C:\Users\Lake Combs\AppData\Roaming\npm\node_modules\firebase-tools\lib\management\projects.js:290:21)
    at async Object.doSetup [as project] (C:\Users\Lake Combs\AppData\Roaming\npm\node_modules\firebase-tools\lib\init\features\project.js:77:27)
    at async init (C:\Users\Lake Combs\AppData\Roaming\npm\node_modules\firebase-tools\lib\init\index.js:19:9)
[error] 
[error] Error: Failed to get Firebase project lakedemoproject. Please make sure the project exists and your account has permission to access it.
[debug] [2021-06-25T09:44:40.862Z] ----------------------------------------------------------------------
[debug] [2021-06-25T09:44:40.871Z] Command:       C:\Program Files\nodejs\node.exe C:\Users\Lake Combs\AppData\Roaming\npm\node_modules\firebase-tools\lib\bin\firebase.js init
[debug] [2021-06-25T09:44:40.873Z] CLI Version:   9.13.1
[debug] [2021-06-25T09:44:40.874Z] Platform:      win32
[debug] [2021-06-25T09:44:40.874Z] Node Version:  v14.16.1
[debug] [2021-06-25T09:44:40.875Z] Time:          Fri Jun 25 2021 10:44:40 GMT+0100 (West Africa Standard Time)
[debug] [2021-06-25T09:44:40.876Z] ----------------------------------------------------------------------
[debug] 
[debug] [2021-06-25T09:44:40.907Z] > command requires scopes: ["email","openid","https://www.googleapis.com/auth/cloudplatformprojects.readonly","https://www.googleapis.com/auth/firebase","https://www.googleapis.com/auth/cloud-platform"]
[debug] [2021-06-25T09:44:40.908Z] > authorizing via signed-in user (lakecombs26@gmail.com)
[info] 
     ######## #### ########  ######## ########     ###     ######  ########
     ##        ##  ##     ## ##       ##     ##  ##   ##  ##       ##
     ######    ##  ########  ######   ########  #########  ######  ######
     ##        ##  ##    ##  ##       ##     ## ##     ##       ## ##
     ##       #### ##     ## ######## ########  ##     ##  ######  ########

You're about to initialize a Firebase project in this directory:

  C:\Users\Lake Combs\Desktop\Amazon

Before we get started, keep in mind:

  * You are initializing within an existing Firebase project directory

[info] 
=== Project Setup
[info] 
[info] First, let's associate this project directory with a Firebase project.
[info] You can create multiple project aliases by running firebase use --add, 
[info] but for now we'll just set up a default project.
[info] 
[info] i  .firebaserc already has a default project, using lakedemoproject. 
[debug] [2021-06-25T09:44:50.070Z] >>> [apiv2][query] GET https://firebase.googleapis.com/v1beta1/projects/lakedemoproject [none]
[debug] [2021-06-25T09:45:02.225Z] Failed to make request to https://firebase.googleapis.com/v1beta1/projects/lakedemoproject
[debug] [2021-06-25T09:45:14.312Z] FirebaseError: Failed to make request to https://firebase.googleapis.com/v1beta1/projects/lakedemoproject
    at Client.doRequest (C:\Users\Lake Combs\AppData\Roaming\npm\node_modules\firebase-tools\lib\apiv2.js:211:19)
    at processTicksAndRejections (internal/process/task_queues.js:93:5)
    at async Client.request (C:\Users\Lake Combs\AppData\Roaming\npm\node_modules\firebase-tools\lib\apiv2.js:96:20)
    at async Object.getFirebaseProject (C:\Users\Lake Combs\AppData\Roaming\npm\node_modules\firebase-tools\lib\management\projects.js:290:21)
    at async Object.doSetup [as project] (C:\Users\Lake Combs\AppData\Roaming\npm\node_modules\firebase-tools\lib\init\features\project.js:77:27)
    at async init (C:\Users\Lake Combs\AppData\Roaming\npm\node_modules\firebase-tools\lib\init\index.js:19:9)
[error] 
[error] Error: Failed to get Firebase project lakedemoproject. Please make sure the project exists and your account has permission to access it.
[debug] [2021-06-25T09:45:37.212Z] ----------------------------------------------------------------------
[debug] [2021-06-25T09:45:37.220Z] Command:       C:\Program Files\nodejs\node.exe C:\Users\Lake Combs\AppData\Roaming\npm\node_modules\firebase-tools\lib\bin\firebase.js init
[debug] [2021-06-25T09:45:37.222Z] CLI Version:   9.13.1
[debug] [2021-06-25T09:45:37.223Z] Platform:      win32
[debug] [2021-06-25T09:45:37.223Z] Node Version:  v14.16.1
[debug] [2021-06-25T09:45:37.225Z] Time:          Fri Jun 25 2021 10:45:37 GMT+0100 (West Africa Standard Time)
[debug] [2021-06-25T09:45:37.225Z] ----------------------------------------------------------------------
[debug] 
[debug] [2021-06-25T09:45:37.250Z] > command requires scopes: ["email","openid","https://www.googleapis.com/auth/cloudplatformprojects.readonly","https://www.googleapis.com/auth/firebase","https://www.googleapis.com/auth/cloud-platform"]
[debug] [2021-06-25T09:45:37.251Z] > authorizing via signed-in user (lakecombs26@gmail.com)
[info] 
     ######## #### ########  ######## ########     ###     ######  ########
     ##        ##  ##     ## ##       ##     ##  ##   ##  ##       ##
     ######    ##  ########  ######   ########  #########  ######  ######
     ##        ##  ##    ##  ##       ##     ## ##     ##       ## ##
     ##       #### ##     ## ######## ########  ##     ##  ######  ########

You're about to initialize a Firebase project in this directory:

  C:\Users\Lake Combs\Desktop\Amazon

Before we get started, keep in mind:

  * You are initializing within an existing Firebase project directory

[info] 
=== Project Setup
[info] 
[info] First, let's associate this project directory with a Firebase project.
[info] You can create multiple project aliases by running firebase use --add, 
[info] but for now we'll just set up a default project.
[info] 
[info] i  .firebaserc already has a default project, using lakedemoproject. 
[debug] [2021-06-25T09:49:45.347Z] >>> [apiv2][query] GET https://firebase.googleapis.com/v1beta1/projects/lakedemoproject [none]
[debug] [2021-06-25T09:49:51.201Z] <<< [apiv2][status] GET https://firebase.googleapis.com/v1beta1/projects/lakedemoproject 200
[debug] [2021-06-25T09:49:51.202Z] <<< [apiv2][body] GET https://firebase.googleapis.com/v1beta1/projects/lakedemoproject {"projectId":"lakedemoproject","projectNumber":"167446797288","displayName":"LakeDemoProject","name":"projects/lakedemoproject","resources":{"hostingSite":"lakedemoproject","storageBucket":"lakedemoproject.appspot.com","locationId":"us-central"},"state":"ACTIVE"}
[info] 
=== Functions Setup
[info] 
[info] A functions directory will be created in your project with a Node.js
[info] package pre-configured. Functions can be deployed with firebase deploy.
[info] 
[debug] [2021-06-25T09:49:51.213Z] > command requires scopes: ["email","openid","https://www.googleapis.com/auth/cloudplatformprojects.readonly","https://www.googleapis.com/auth/firebase","https://www.googleapis.com/auth/cloud-platform"]
[debug] [2021-06-25T09:49:51.214Z] > authorizing via signed-in user (lakecombs26@gmail.com)
[debug] [2021-06-25T09:49:51.215Z] [iam] checking project lakedemoproject for permissions ["firebase.projects.get"]
[debug] [2021-06-25T09:49:51.219Z] > refreshing access token with scopes: ["email","https://www.googleapis.com/auth/cloud-platform","https://www.googleapis.com/auth/cloudplatformprojects.readonly","https://www.googleapis.com/auth/firebase","openid"]
[debug] [2021-06-25T09:49:51.221Z] >>> HTTP REQUEST POST https://www.googleapis.com/oauth2/v3/token  
 <request body omitted>
[debug] [2021-06-25T09:49:57.370Z] <<< HTTP RESPONSE 200 {"date":"Fri, 25 Jun 2021 09:49:58 GMT","pragma":"no-cache","expires":"Mon, 01 Jan 1990 00:00:00 GMT","cache-control":"no-cache, no-store, max-age=0, must-revalidate","content-type":"application/json; charset=utf-8","vary":"X-Origin, Referer, Origin,Accept-Encoding","server":"scaffolding on HTTPServer2","x-xss-protection":"0","x-frame-options":"SAMEORIGIN","x-content-type-options":"nosniff","alt-svc":"h3=\":443\"; ma=2592000,h3-29=\":443\"; ma=2592000,h3-T051=\":443\"; ma=2592000,h3-Q050=\":443\"; ma=2592000,h3-Q046=\":443\"; ma=2592000,h3-Q043=\":443\"; ma=2592000,quic=\":443\"; ma=2592000; v=\"46,43\"","accept-ranges":"none","transfer-encoding":"chunked"}
[debug] [2021-06-25T09:49:57.506Z] >>> HTTP REQUEST POST https://cloudresourcemanager.googleapis.com/v1/projects/lakedemoproject:testIamPermissions  
 {"permissions":["firebase.projects.get"]}
[debug] [2021-06-25T09:50:09.606Z] <<< HTTP RESPONSE 200 {"content-type":"application/json; charset=UTF-8","vary":"X-Origin, Referer, Origin,Accept-Encoding","date":"Fri, 25 Jun 2021 09:50:10 GMT","server":"ESF","cache-control":"private","x-xss-protection":"0","x-frame-options":"SAMEORIGIN","x-content-type-options":"nosniff","server-timing":"gfet4t7; dur=1103","alt-svc":"h3=\":443\"; ma=2592000,h3-29=\":443\"; ma=2592000,h3-T051=\":443\"; ma=2592000,h3-Q050=\":443\"; ma=2592000,h3-Q046=\":443\"; ma=2592000,h3-Q043=\":443\"; ma=2592000,quic=\":443\"; ma=2592000; v=\"46,43\"","accept-ranges":"none","transfer-encoding":"chunked"}
[debug] [2021-06-25T09:50:09.609Z] >>> HTTP REQUEST POST https://serviceusage.googleapis.com/v1/projects/lakedemoproject/services/cloudfunctions.googleapis.com:enable  
 
[debug] [2021-06-25T09:50:09.611Z] >>> HTTP REQUEST POST https://serviceusage.googleapis.com/v1/projects/lakedemoproject/services/runtimeconfig.googleapis.com:enable  
 
[debug] [2021-06-25T09:50:33.760Z] Error: getaddrinfo ENOTFOUND serviceusage.googleapis.com
    at GetAddrInfoReqWrap.onlookup [as oncomplete] (dns.js:67:26)
[error] 
[error] Error: Server Error. getaddrinfo ENOTFOUND serviceusage.googleapis.com
[debug] [2021-06-25T10:07:41.634Z] ----------------------------------------------------------------------
[debug] [2021-06-25T10:07:41.651Z] Command:       C:\Program Files\nodejs\node.exe C:\Users\Lake Combs\AppData\Roaming\npm\node_modules\firebase-tools\lib\bin\firebase.js init
[debug] [2021-06-25T10:07:41.654Z] CLI Version:   9.14.0
[debug] [2021-06-25T10:07:41.655Z] Platform:      win32
[debug] [2021-06-25T10:07:41.655Z] Node Version:  v14.16.1
[debug] [2021-06-25T10:07:41.658Z] Time:          Fri Jun 25 2021 11:07:41 GMT+0100 (West Africa Standard Time)
[debug] [2021-06-25T10:07:41.659Z] ----------------------------------------------------------------------
[debug] 
[debug] [2021-06-25T10:07:41.706Z] > command requires scopes: ["email","openid","https://www.googleapis.com/auth/cloudplatformprojects.readonly","https://www.googleapis.com/auth/firebase","https://www.googleapis.com/auth/cloud-platform"]
[debug] [2021-06-25T10:07:41.707Z] > authorizing via signed-in user (lakecombs26@gmail.com)
[info] 
     ######## #### ########  ######## ########     ###     ######  ########
     ##        ##  ##     ## ##       ##     ##  ##   ##  ##       ##
     ######    ##  ########  ######   ########  #########  ######  ######
     ##        ##  ##    ##  ##       ##     ## ##     ##       ## ##
     ##       #### ##     ## ######## ########  ##     ##  ######  ########

You're about to initialize a Firebase project in this directory:

  C:\Users\Lake Combs\Desktop\Amazon

Before we get started, keep in mind:

  * You are initializing within an existing Firebase project directory

[info] 
=== Project Setup
[info] 
[info] First, let's associate this project directory with a Firebase project.
[info] You can create multiple project aliases by running firebase use --add, 
[info] but for now we'll just set up a default project.
[info] 
[info] i  .firebaserc already has a default project, using lakedemoproject. 
[debug] [2021-06-25T10:21:57.675Z] > refreshing access token with scopes: []
[debug] [2021-06-25T10:21:57.679Z] >>> HTTP REQUEST POST https://www.googleapis.com/oauth2/v3/token  
 <request body omitted>
[debug] [2021-06-25T10:22:09.857Z] Authentication Error: Your credentials are no longer valid. Please run firebase login --reauth

For CI servers and headless environments, generate a new token with firebase login:ci
[debug] [2021-06-25T10:22:19.470Z] FirebaseError: Authentication Error: Your credentials are no longer valid. Please run firebase login --reauth

For CI servers and headless environments, generate a new token with firebase login:ci
    at invalidCredentialError (C:\Users\Lake Combs\AppData\Roaming\npm\node_modules\firebase-tools\lib\auth.js:141:12)
    at refreshTokens (C:\Users\Lake Combs\AppData\Roaming\npm\node_modules\firebase-tools\lib\auth.js:448:15)
    at processTicksAndRejections (internal/process/task_queues.js:93:5)
    at async Client.getAccessToken (C:\Users\Lake Combs\AppData\Roaming\npm\node_modules\firebase-tools\lib\apiv2.js:144:23)
    at async Client.addAuthHeader (C:\Users\Lake Combs\AppData\Roaming\npm\node_modules\firebase-tools\lib\apiv2.js:135:21)
    at async Client.request (C:\Users\Lake Combs\AppData\Roaming\npm\node_modules\firebase-tools\lib\apiv2.js:93:34)
    at async Object.getFirebaseProject (C:\Users\Lake Combs\AppData\Roaming\npm\node_modules\firebase-tools\lib\management\projects.js:290:21)
    at async Object.doSetup [as project] (C:\Users\Lake Combs\AppData\Roaming\npm\node_modules\firebase-tools\lib\init\features\project.js:77:27)
    at async init (C:\Users\Lake Combs\AppData\Roaming\npm\node_modules\firebase-tools\lib\init\index.js:19:9)
[debug] [2021-06-25T10:23:57.161Z] ----------------------------------------------------------------------
[debug] [2021-06-25T10:23:57.170Z] Command:       C:\Program Files\nodejs\node.exe C:\Users\Lake Combs\AppData\Roaming\npm\node_modules\firebase-tools\lib\bin\firebase.js use --add
[debug] [2021-06-25T10:23:57.172Z] CLI Version:   9.14.0
[debug] [2021-06-25T10:23:57.172Z] Platform:      win32
[debug] [2021-06-25T10:23:57.173Z] Node Version:  v14.16.1
[debug] [2021-06-25T10:23:57.174Z] Time:          Fri Jun 25 2021 11:23:57 GMT+0100 (West Africa Standard Time)
[debug] [2021-06-25T10:23:57.175Z] ----------------------------------------------------------------------
[debug] 
[debug] [2021-06-25T10:23:57.245Z] > command requires scopes: ["email","openid","https://www.googleapis.com/auth/cloudplatformprojects.readonly","https://www.googleapis.com/auth/firebase","https://www.googleapis.com/auth/cloud-platform"]
[debug] [2021-06-25T10:23:57.246Z] > authorizing via signed-in user (lakecombs26@gmail.com)
[debug] [2021-06-25T10:23:57.261Z] > refreshing access token with scopes: []
[debug] [2021-06-25T10:23:57.263Z] >>> HTTP REQUEST POST https://www.googleapis.com/oauth2/v3/token  
 <request body omitted>
[debug] [2021-06-25T10:24:09.386Z] Authentication Error: Your credentials are no longer valid. Please run firebase login --reauth

For CI servers and headless environments, generate a new token with firebase login:ci
[debug] [2021-06-25T10:24:17.895Z] FirebaseError: Authentication Error: Your credentials are no longer valid. Please run firebase login --reauth

For CI servers and headless environments, generate a new token with firebase login:ci
    at invalidCredentialError (C:\Users\Lake Combs\AppData\Roaming\npm\node_modules\firebase-tools\lib\auth.js:141:12)
    at refreshTokens (C:\Users\Lake Combs\AppData\Roaming\npm\node_modules\firebase-tools\lib\auth.js:448:15)
    at processTicksAndRejections (internal/process/task_queues.js:93:5)
    at async Client.getAccessToken (C:\Users\Lake Combs\AppData\Roaming\npm\node_modules\firebase-tools\lib\apiv2.js:144:23)
    at async Client.addAuthHeader (C:\Users\Lake Combs\AppData\Roaming\npm\node_modules\firebase-tools\lib\apiv2.js:135:21)
    at async Client.request (C:\Users\Lake Combs\AppData\Roaming\npm\node_modules\firebase-tools\lib\apiv2.js:93:34)
    at async getProjectPage (C:\Users\Lake Combs\AppData\Roaming\npm\node_modules\firebase-tools\lib\management\projects.js:233:17)
    at async getFirebaseProjectPage (C:\Users\Lake Combs\AppData\Roaming\npm\node_modules\firebase-tools\lib\management\projects.js:250:23)
    at async listFirebaseProjects (C:\Users\Lake Combs\AppData\Roaming\npm\node_modules\firebase-tools\lib\management\projects.js:281:29)
[error] 
[error] Error: Failed to list Firebase projects. See firebase-debug.log for more info.
